/home/ayonga/Dropbox/research/dzopt/direct_hzd_optimization/matlab/@FeedbackController/calcClfMultiLagrange.m:18: warning: documented symbol `mlhsSubst< mlhsInnerSubst< matlabtypesubstitute, ret_u >,mlhsInnerSubst< matlabtypesubstitute, extra > > FeedbackController::calcClfMultiLagrange' was not declared or defined.
/home/ayonga/Dropbox/research/dzopt/direct_hzd_optimization/matlab/@FeedbackController/calcTorques.m:18: warning: documented symbol `mlhsInnerSubst< matlabtypesubstitute, u > FeedbackController::calcTorques' was not declared or defined.
/home/ayonga/Dropbox/research/dzopt/direct_hzd_optimization/matlab/@FeedbackController/calcTorques.m:123: warning: documented symbol `mlhsInnerSubst< matlabtypesubstitute, u > FeedbackController::calcTorques' was not declared or defined.
/home/ayonga/Dropbox/research/dzopt/direct_hzd_optimization/matlab/@FeedbackController/configureCLF.m:18: warning: documented symbol `mlhsInnerSubst< matlabtypesubstitute, obj > FeedbackController::configureCLF' was not declared or defined.
/home/ayonga/Dropbox/research/dzopt/direct_hzd_optimization/matlab/@FeedbackController/configureCLF.m:121: warning: documented symbol `mlhsInnerSubst< matlabtypesubstitute, obj > FeedbackController::configureCLF' was not declared or defined.
/home/ayonga/Dropbox/research/dzopt/direct_hzd_optimization/matlab/system/@ContinuousDomain/calcActualOutputs.m:18: warning: documented symbol `mlhsSubst< mlhsInnerSubst< matlabtypesubstitute, y_a1 >,mlhsInnerSubst< matlabtypesubstitute, y_a2 >,mlhsInnerSubst< matlabtypesubstitute, Dy_a1 >,mlhsInnerSubst< matlabtypesubstitute, Dy_a2 >,mlhsInnerSubst< matlabtypesubstitute, DLfy_a2 > > ContinuousDomain::calcActualOutputs' was not declared or defined.
/home/ayonga/Dropbox/research/dzopt/direct_hzd_optimization/matlab/system/@ContinuousDomain/calcActualOutputs.m:75: warning: documented symbol `mlhsSubst< mlhsInnerSubst< matlabtypesubstitute, y_a1 >,mlhsInnerSubst< matlabtypesubstitute, y_a2 >,mlhsInnerSubst< matlabtypesubstitute, Dy_a1 >,mlhsInnerSubst< matlabtypesubstitute, Dy_a2 >,mlhsInnerSubst< matlabtypesubstitute, DLfy_a2 > > ContinuousDomain::calcActualOutputs' was not declared or defined.
/home/ayonga/Dropbox/research/dzopt/direct_hzd_optimization/matlab/system/@ContinuousDomain/calcDesiredOutputs.m:18: warning: documented symbol `mlhsSubst< mlhsInnerSubst< matlabtypesubstitute, y_d1 >,mlhsInnerSubst< matlabtypesubstitute, y_d2 >,mlhsInnerSubst< matlabtypesubstitute, Dy_d1 >,mlhsInnerSubst< matlabtypesubstitute, Dy_d2 >,mlhsInnerSubst< matlabtypesubstitute, DLfy_d2 >,mlhsInnerSubst< matlabtypesubstitute, phip >,mlhsInnerSubst< matlabtypesubstitute, tau >,mlhsInnerSubst< matlabtypesubstitute, dtau >,mlhsInnerSubst< matlabtypesubstitute, dy_d2_tau > > ContinuousDomain::calcDesiredOutputs' was not declared or defined.
/home/ayonga/Dropbox/research/dzopt/direct_hzd_optimization/matlab/system/@ContinuousDomain/calcDesiredOutputs.m:97: warning: documented symbol `mlhsSubst< mlhsInnerSubst< matlabtypesubstitute, y_d1 >,mlhsInnerSubst< matlabtypesubstitute, y_d2 >,mlhsInnerSubst< matlabtypesubstitute, Dy_d1 >,mlhsInnerSubst< matlabtypesubstitute, Dy_d2 >,mlhsInnerSubst< matlabtypesubstitute, DLfy_d2 >,mlhsInnerSubst< matlabtypesubstitute, phip >,mlhsInnerSubst< matlabtypesubstitute, tau >,mlhsInnerSubst< matlabtypesubstitute, dtau >,mlhsInnerSubst< matlabtypesubstitute, dy_d2_tau > > ContinuousDomain::calcDesiredOutputs' was not declared or defined.
/home/ayonga/Dropbox/research/dzopt/direct_hzd_optimization/matlab/system/@ContinuousDomain/calcDynamics.m:18: warning: documented symbol `mlhsSubst< mlhsInnerSubst<::colvec, dx >,mlhsInnerSubst< matlabtypesubstitute, u >,mlhsInnerSubst< matlabtypesubstitute, Fe > > ContinuousDomain::calcDynamics' was not declared or defined.
/home/ayonga/Dropbox/research/dzopt/direct_hzd_optimization/matlab/system/@ContinuousDomain/calcDynamics.m:99: warning: documented symbol `mlhsSubst< mlhsInnerSubst<::colvec, dx >,mlhsInnerSubst< matlabtypesubstitute, u >,mlhsInnerSubst< matlabtypesubstitute, Fe > > ContinuousDomain::calcDynamics' was not declared or defined.
/home/ayonga/Dropbox/research/dzopt/direct_hzd_optimization/matlab/system/@ContinuousDomain/getOutputIndices.m:18: warning: documented symbol `mlhsInnerSubst< matlabtypesubstitute, indices > ContinuousDomain::getOutputIndices' was not declared or defined.
/home/ayonga/Dropbox/research/dzopt/direct_hzd_optimization/matlab/system/@ContinuousDomain/getOutputIndices.m:40: warning: documented symbol `mlhsInnerSubst< matlabtypesubstitute, indices > ContinuousDomain::getOutputIndices' was not declared or defined.
/home/ayonga/Dropbox/research/dzopt/direct_hzd_optimization/matlab/system/@ContinuousDomain/setHolonomicConstraints.m:18: warning: documented symbol `mlhsInnerSubst< matlabtypesubstitute, obj > ContinuousDomain::setHolonomicConstraints' was not declared or defined.
/home/ayonga/Dropbox/research/dzopt/direct_hzd_optimization/matlab/system/@ContinuousDomain/setHolonomicConstraints.m:47: warning: documented symbol `mlhsInnerSubst< matlabtypesubstitute, obj > ContinuousDomain::setHolonomicConstraints' was not declared or defined.
/home/ayonga/Dropbox/research/dzopt/direct_hzd_optimization/matlab/system/@ContinuousDomain/setNextDomain.m:18: warning: documented symbol `mlhsInnerSubst< matlabtypesubstitute, obj > ContinuousDomain::setNextDomain' was not declared or defined.
/home/ayonga/Dropbox/research/dzopt/direct_hzd_optimization/matlab/system/@ContinuousDomain/setNextDomain.m:43: warning: documented symbol `mlhsInnerSubst< matlabtypesubstitute, obj > ContinuousDomain::setNextDomain' was not declared or defined.
/home/ayonga/Dropbox/research/dzopt/direct_hzd_optimization/matlab/system/@ContinuousDomain/setOuputStructure.m:18: warning: documented symbol `mlhsInnerSubst< matlabtypesubstitute, obj > ContinuousDomain::setOuputStructure' was not declared or defined.
/home/ayonga/Dropbox/research/dzopt/direct_hzd_optimization/matlab/system/@ContinuousDomain/setOuputStructure.m:120: warning: documented symbol `mlhsInnerSubst< matlabtypesubstitute, obj > ContinuousDomain::setOuputStructure' was not declared or defined.
/home/ayonga/Dropbox/research/dzopt/direct_hzd_optimization/matlab/system/@ContinuousDomain/setParameters.m:18: warning: documented symbol `mlhsInnerSubst< matlabtypesubstitute, obj > ContinuousDomain::setParameters' was not declared or defined.
/home/ayonga/Dropbox/research/dzopt/direct_hzd_optimization/matlab/system/@ContinuousDomain/setParameters.m:104: warning: documented symbol `mlhsInnerSubst< matlabtypesubstitute, obj > ContinuousDomain::setParameters' was not declared or defined.
/home/ayonga/Dropbox/research/dzopt/direct_hzd_optimization/matlab/system/@DiscreteDynamics/calcResetMap.m:18: warning: documented symbol `mlhsSubst< mlhsInnerSubst< matlabtypesubstitute, x_post >,mlhsInnerSubst< matlabtypesubstitute, ImpF > > DiscreteDynamics::calcResetMap' was not declared or defined.
/home/ayonga/Dropbox/research/dzopt/direct_hzd_optimization/matlab/system/@DiscreteDynamics/calcResetMap.m:71: warning: documented symbol `mlhsSubst< mlhsInnerSubst< matlabtypesubstitute, x_post >,mlhsInnerSubst< matlabtypesubstitute, ImpF > > DiscreteDynamics::calcResetMap' was not declared or defined.
/home/ayonga/Dropbox/research/dzopt/direct_hzd_optimization/matlab/system/@DiscreteDynamics/checkGuard.m:18: warning: documented symbol `mlhsSubst< mlhsInnerSubst< matlabtypesubstitute, value >,mlhsInnerSubst< matlabtypesubstitute, isterminal >,mlhsInnerSubst< matlabtypesubstitute, direction > > DiscreteDynamics::checkGuard' was not declared or defined.
/home/ayonga/Dropbox/research/dzopt/direct_hzd_optimization/matlab/system/@DiscreteDynamics/checkGuard.m:55: warning: documented symbol `mlhsSubst< mlhsInnerSubst< matlabtypesubstitute, value >,mlhsInnerSubst< matlabtypesubstitute, isterminal >,mlhsInnerSubst< matlabtypesubstitute, direction > > DiscreteDynamics::checkGuard' was not declared or defined.
/home/ayonga/Dropbox/research/dzopt/direct_hzd_optimization/matlab/system/@HybridDynamicalSystem/simulate.m:18: warning: documented symbol `mlhsInnerSubst< matlabtypesubstitute, obj > HybridDynamicalSystem::simulate' was not declared or defined.
/home/ayonga/Dropbox/research/dzopt/direct_hzd_optimization/matlab/system/@HybridDynamicalSystem/simulate.m:91: warning: documented symbol `mlhsInnerSubst< matlabtypesubstitute, obj > HybridDynamicalSystem::simulate' was not declared or defined.
/home/ayonga/Dropbox/research/dzopt/direct_hzd_optimization/matlab/system/@RigidBodyModel/calcNaturalDynamics.m:18: warning: documented symbol `mlhsSubst< mlhsInnerSubst<::matrix, De >,mlhsInnerSubst<::colvec, He > > RigidBodyModel::calcNaturalDynamics' was not declared or defined.
/home/ayonga/Dropbox/research/dzopt/direct_hzd_optimization/matlab/system/@RigidBodyModel/calcNaturalDynamics.m:39: warning: documented symbol `mlhsSubst< mlhsInnerSubst<::matrix, De >,mlhsInnerSubst<::colvec, He > > RigidBodyModel::calcNaturalDynamics' was not declared or defined.
/home/ayonga/Dropbox/research/dzopt/direct_hzd_optimization/matlab/system/@RigidBodyModel/configureIndices.m:18: warning: documented symbol `mlhsInnerSubst< matlabtypesubstitute, obj > RigidBodyModel::configureIndices' was not declared or defined.
/home/ayonga/Dropbox/research/dzopt/direct_hzd_optimization/matlab/system/@RigidBodyModel/configureIndices.m:39: warning: documented symbol `mlhsInnerSubst< matlabtypesubstitute, obj > RigidBodyModel::configureIndices' was not declared or defined.
/home/ayonga/Dropbox/research/dzopt/direct_hzd_optimization/matlab/system/@RigidBodyModel/configureSVA.m:18: warning: documented symbol `mlhsInnerSubst<::struct, sva > RigidBodyModel::configureSVA' was not declared or defined.
/home/ayonga/Dropbox/research/dzopt/direct_hzd_optimization/matlab/system/@RigidBodyModel/configureSVA.m:183: warning: documented symbol `mlhsInnerSubst<::struct, sva > RigidBodyModel::configureSVA' was not declared or defined.
/home/ayonga/Dropbox/research/dzopt/direct_hzd_optimization/matlab/system/@RigidBodyModel/getJointIndices.m:18: warning: documented symbol `mlhsInnerSubst< matlabtypesubstitute, indices > RigidBodyModel::getJointIndices' was not declared or defined.
/home/ayonga/Dropbox/research/dzopt/direct_hzd_optimization/matlab/system/@RigidBodyModel/getJointIndices.m:55: warning: documented symbol `mlhsInnerSubst< matlabtypesubstitute, indices > RigidBodyModel::getJointIndices' was not declared or defined.
/home/ayonga/Dropbox/research/dzopt/direct_hzd_optimization/matlab/system/@RigidBodyModel/getLinkIndices.m:18: warning: documented symbol `mlhsInnerSubst< matlabtypesubstitute, indices > RigidBodyModel::getLinkIndices' was not declared or defined.
/home/ayonga/Dropbox/research/dzopt/direct_hzd_optimization/matlab/system/@RigidBodyModel/getLinkIndices.m:45: warning: documented symbol `mlhsInnerSubst< matlabtypesubstitute, indices > RigidBodyModel::getLinkIndices' was not declared or defined.
/home/ayonga/Dropbox/research/dzopt/direct_hzd_optimization/matlab/system/@RigidBodyModel/getTotalMass.m:18: warning: documented symbol `mlhsInnerSubst<::double, mass > RigidBodyModel::getTotalMass' was not declared or defined.
/home/ayonga/Dropbox/research/dzopt/direct_hzd_optimization/matlab/system/@RigidBodyModel/getTotalMass.m:22: warning: documented symbol `mlhsInnerSubst<::double, mass > RigidBodyModel::getTotalMass' was not declared or defined.
/home/ayonga/Dropbox/research/dzopt/direct_hzd_optimization/matlab/system/@RigidBodyModel/parseModel.m:18: warning: documented symbol `mlhsInnerSubst< matlabtypesubstitute, obj > RigidBodyModel::parseModel' was not declared or defined.
/home/ayonga/Dropbox/research/dzopt/direct_hzd_optimization/matlab/system/@RigidBodyModel/parseModel.m:65: warning: documented symbol `mlhsInnerSubst< matlabtypesubstitute, obj > RigidBodyModel::parseModel' was not declared or defined.
/home/ayonga/Dropbox/research/dzopt/direct_hzd_optimization/matlab/system/@RigidBodyModel/parseURDF.m:18: warning: documented symbol `mlhsInnerSubst< matlabtypesubstitute, model > RigidBodyModel::parseURDF' was not declared or defined.
/home/ayonga/Dropbox/research/dzopt/direct_hzd_optimization/matlab/system/@RigidBodyModel/parseURDF.m:113: warning: documented symbol `mlhsInnerSubst< matlabtypesubstitute, model > RigidBodyModel::parseURDF' was not declared or defined.
/home/ayonga/Dropbox/research/dzopt/direct_hzd_optimization/matlab/AmberObject.m:78: warning: argument 'name' of command @param is not found in the argument list of AmberObject::Amber()
/home/ayonga/Dropbox/research/dzopt/direct_hzd_optimization/matlab/system/@ContinuousDomain/ContinuousDomain.m:495: warning: argument 'code' of command @param is not found in the argument list of ContinuousDomain::addContactPoint(matlabtypesubstitute varargin)
/home/ayonga/Dropbox/research/dzopt/direct_hzd_optimization/matlab/system/@ContinuousDomain/ContinuousDomain.m:496: warning: unexpected command endcode
/home/ayonga/Dropbox/research/dzopt/direct_hzd_optimization/matlab/system/@ContinuousDomain/ContinuousDomain.m:534: warning: argument 'code' of command @param is not found in the argument list of ContinuousDomain::addJointConstraints(matlabtypesubstitute varargin)
/home/ayonga/Dropbox/research/dzopt/direct_hzd_optimization/matlab/system/@ContinuousDomain/ContinuousDomain.m:535: warning: unexpected command endcode
/home/ayonga/Dropbox/research/dzopt/direct_hzd_optimization/matlab/system/@ContinuousDomain/ContinuousDomain.m:572: warning: argument 'code' of command @param is not found in the argument list of ContinuousDomain::addPositionConstraints(matlabtypesubstitute varargin)
/home/ayonga/Dropbox/research/dzopt/direct_hzd_optimization/matlab/system/@ContinuousDomain/ContinuousDomain.m:573: warning: unexpected command endcode
/home/ayonga/Dropbox/research/dzopt/direct_hzd_optimization/matlab/system/@DirectedGraph/DirectedGraph.m:261: warning: argument 'target' of command @param is not found in the argument list of DirectedGraph::getSource(matlabtypesubstitute target_vertex)
/home/ayonga/Dropbox/research/dzopt/direct_hzd_optimization/matlab/system/@DirectedGraph/DirectedGraph.m:261: warning: The following parameters of DirectedGraph::getSource(matlabtypesubstitute target_vertex) are not documented:
  parameter 'target_vertex'
/home/ayonga/Dropbox/research/dzopt/direct_hzd_optimization/matlab/system/@DirectedGraph/DirectedGraph.m:236: warning: argument 'source' of command @param is not found in the argument list of DirectedGraph::getTarget(matlabtypesubstitute source_vertex)
/home/ayonga/Dropbox/research/dzopt/direct_hzd_optimization/matlab/system/@DirectedGraph/DirectedGraph.m:236: warning: The following parameters of DirectedGraph::getTarget(matlabtypesubstitute source_vertex) are not documented:
  parameter 'source_vertex'
/home/ayonga/Dropbox/research/dzopt/direct_hzd_optimization/matlab/system/@HybridDynamicalSystem/HybridDynamicalSystem.m:171: warning: The following parameters of HybridDynamicalSystem::HybridDynamicalSystem(::char name, matlabtypesubstitute config_path) are not documented:
  parameter 'config_path'
/home/ayonga/Dropbox/research/dzopt/direct_hzd_optimization/matlab/system/@HybridDynamicalSystem/HybridDynamicalSystem.m:395: warning: argument 'domain' of command @param is not found in the argument list of HybridDynamicalSystem::getDomainByVertex(::char vertex)
/home/ayonga/Dropbox/research/dzopt/direct_hzd_optimization/matlab/system/@HybridDynamicalSystem/HybridDynamicalSystem.m:304: warning: argument 'varargin' of command @param is not found in the argument list of HybridDynamicalSystem::setGraph(::cell vertices, matlabtypesubstitute edges,::struct graphOptions)
/home/ayonga/Dropbox/research/dzopt/direct_hzd_optimization/matlab/system/@HybridDynamicalSystem/HybridDynamicalSystem.m:361: warning: The following parameters of HybridDynamicalSystem::setModel(matlabtypesubstitute urdf_file, matlabtypesubstitute model_options) are not documented:
  parameter 'model_options'
/home/ayonga/Dropbox/research/dzopt/direct_hzd_optimization/matlab/nlp/NlpFcn.m:329: warning: Found unknown command `\logical'
/home/ayonga/Dropbox/research/dzopt/direct_hzd_optimization/matlab/nlp/NlpFcn.m:352: warning: argument 'deps' of command @param is not found in the argument list of NlpFcn::setDependentIndices(matlabtypesubstitute depIndices)
/home/ayonga/Dropbox/research/dzopt/direct_hzd_optimization/matlab/nlp/NlpFcn.m:352: warning: The following parameters of NlpFcn::setDependentIndices(matlabtypesubstitute depIndices) are not documented:
  parameter 'depIndices'
/home/ayonga/Dropbox/research/dzopt/direct_hzd_optimization/matlab/nlp/@NonlinearProgram/NonlinearProgram.m:169: warning: argument 'code' of command @param is not found in the argument list of NonlinearProgram::NonlinearProgram(matlabtypesubstitute name, matlabtypesubstitute varargin)
/home/ayonga/Dropbox/research/dzopt/direct_hzd_optimization/matlab/nlp/@NonlinearProgram/NonlinearProgram.m:170: warning: unexpected command endcode
/home/ayonga/Dropbox/research/dzopt/direct_hzd_optimization/matlab/nlp/@NonlinearProgram/NonlinearProgram.m:169: warning: The following parameters of NonlinearProgram::NonlinearProgram(matlabtypesubstitute name, matlabtypesubstitute varargin) are not documented:
  parameter 'name'
/home/ayonga/Dropbox/research/dzopt/direct_hzd_optimization/matlab/nlp/@NonlinearProgram/NonlinearProgram.m:199: warning: argument 'code' of command @param is not found in the argument list of NonlinearProgram::addVariable(::char name,::integer dimension, matlabtypesubstitute varargin)
/home/ayonga/Dropbox/research/dzopt/direct_hzd_optimization/matlab/nlp/@NonlinearProgram/NonlinearProgram.m:205: warning: unexpected command endcode
/home/ayonga/Dropbox/research/dzopt/direct_hzd_optimization/matlab/system/@RigidBodyModel/RigidBodyModel.m:296: warning: argument 'code' of command @param is not found in the argument list of RigidBodyModel::RigidBodyModel(matlabtypesubstitute urdf_filename, matlabtypesubstitute varargin)
/home/ayonga/Dropbox/research/dzopt/direct_hzd_optimization/matlab/system/@RigidBodyModel/RigidBodyModel.m:301: warning: unexpected command endcode
/home/ayonga/Dropbox/research/dzopt/direct_hzd_optimization/matlab/system/@RigidBodyModel/RigidBodyModel.m:308: warning: End of list marker found without any preceding list items
/home/ayonga/Dropbox/research/dzopt/direct_hzd_optimization/matlab/system/@RigidBodyModel/RigidBodyModel.m:296: warning: The following parameters of RigidBodyModel::RigidBodyModel(matlabtypesubstitute urdf_filename, matlabtypesubstitute varargin) are not documented:
  parameter 'urdf_filename'