\BOOKMARK [1][-]{section.1}{\376\377\0001\000\040\000C\000o\000n\000t\000r\000i\000b\000u\000t\000e\000d\000\040\000D\000e\000v\000e\000l\000o\000p\000e\000r\000s}{}% 1
\BOOKMARK [2][-]{subsection.1.1}{\376\377\0001\000.\0001\000\040\000A\000y\000o\000n\000g\000a\000\040\000H\000e\000r\000e\000i\000d}{section.1}% 2
\BOOKMARK [1][-]{section.2}{\376\377\0002\000\040\000C\000h\000a\000n\000g\000e\000s\000\040\000i\000n\000\040\000D\000i\000r\000e\000c\000t\000\040\000H\000Z\000D\000\040\000O\000p\000t\000i\000m\000i\000z\000a\000t\000i\000o\000n\000\040\000V\000e\000r\000s\000i\000o\000n\000\040\0001\000.\0002}{}% 3
\BOOKMARK [1][-]{section.3}{\376\377\0003\000\040\000C\000h\000a\000n\000g\000e\000s\000\040\000i\000n\000\040\000D\000i\000r\000e\000c\000t\000\040\000H\000Z\000D\000\040\000O\000p\000t\000i\000m\000i\000z\000a\000t\000i\000o\000n\000\040\000V\000e\000r\000s\000i\000o\000n\000\040\0001\000.\0003}{}% 4
\BOOKMARK [1][-]{section.4}{\376\377\0004\000\040\000C\000h\000a\000n\000g\000e\000s\000\040\000i\000n\000\040\000D\000i\000r\000e\000c\000t\000\040\000H\000Z\000D\000\040\000O\000p\000t\000i\000m\000i\000z\000a\000t\000i\000o\000n\000\040\000V\000e\000r\000s\000i\000o\000n\000\040\0001\000.\0004}{}% 5
\BOOKMARK [1][-]{section.5}{\376\377\0005\000\040\000C\000h\000a\000n\000g\000e\000s\000\040\000i\000n\000\040\000D\000i\000r\000e\000c\000t\000\040\000H\000Z\000D\000\040\000O\000p\000t\000i\000m\000i\000z\000a\000t\000i\000o\000n\000\040\000V\000e\000r\000s\000i\000o\000n\000\040\0001\000.\0005}{}% 6
\BOOKMARK [1][-]{section.6}{\376\377\0006\000\040\000N\000e\000w\000\040\000f\000e\000a\000t\000u\000r\000e\000s\000\040\000i\000n\000\040\000D\000i\000r\000e\000c\000t\000\040\000H\000Z\000D\000\040\000O\000p\000t\000i\000m\000i\000z\000a\000t\000i\000o\000n\000\040\000V\000e\000r\000s\000i\000o\000n\000\040\0001\000.\0002}{}% 7
\BOOKMARK [1][-]{section.7}{\376\377\0007\000\040\000N\000e\000w\000\040\000f\000e\000a\000t\000u\000r\000e\000s\000\040\000i\000n\000\040\000D\000i\000r\000e\000c\000t\000\040\000H\000Z\000D\000\040\000O\000p\000t\000i\000m\000i\000z\000a\000t\000i\000o\000n\000\040\000V\000e\000r\000s\000i\000o\000n\000\040\0001\000.\0004}{}% 8
\BOOKMARK [1][-]{section.8}{\376\377\0008\000\040\000H\000i\000e\000r\000a\000r\000c\000h\000i\000c\000a\000l\000\040\000I\000n\000d\000e\000x}{}% 9
\BOOKMARK [2][-]{subsection.8.1}{\376\377\0008\000.\0001\000\040\000C\000l\000a\000s\000s\000\040\000H\000i\000e\000r\000a\000r\000c\000h\000y}{section.8}% 10
\BOOKMARK [1][-]{section.9}{\376\377\0009\000\040\000C\000l\000a\000s\000s\000\040\000I\000n\000d\000e\000x}{}% 11
\BOOKMARK [2][-]{subsection.9.1}{\376\377\0009\000.\0001\000\040\000C\000l\000a\000s\000s\000\040\000L\000i\000s\000t}{section.9}% 12
\BOOKMARK [1][-]{section.10}{\376\377\0001\0000\000\040\000F\000i\000l\000e\000\040\000I\000n\000d\000e\000x}{}% 13
\BOOKMARK [2][-]{subsection.10.1}{\376\377\0001\0000\000.\0001\000\040\000F\000i\000l\000e\000\040\000L\000i\000s\000t}{section.10}% 14
\BOOKMARK [1][-]{section.11}{\376\377\0001\0001\000\040\000C\000l\000a\000s\000s\000\040\000D\000o\000c\000u\000m\000e\000n\000t\000a\000t\000i\000o\000n}{}% 15
\BOOKMARK [2][-]{subsection.11.1}{\376\377\0001\0001\000.\0001\000\040\000c\000e\000l\000l\000\040\000C\000l\000a\000s\000s\000\040\000R\000e\000f\000e\000r\000e\000n\000c\000e}{section.11}% 16
\BOOKMARK [3][-]{subsubsection.11.1.1}{\376\377\0001\0001\000.\0001\000.\0001\000\040\000D\000e\000t\000a\000i\000l\000e\000d\000\040\000D\000e\000s\000c\000r\000i\000p\000t\000i\000o\000n}{subsection.11.1}% 17
\BOOKMARK [2][-]{subsection.11.2}{\376\377\0001\0001\000.\0002\000\040\000c\000h\000a\000r\000\040\000C\000l\000a\000s\000s\000\040\000R\000e\000f\000e\000r\000e\000n\000c\000e}{section.11}% 18
\BOOKMARK [3][-]{subsubsection.11.2.1}{\376\377\0001\0001\000.\0002\000.\0001\000\040\000D\000e\000t\000a\000i\000l\000e\000d\000\040\000D\000e\000s\000c\000r\000i\000p\000t\000i\000o\000n}{subsection.11.2}% 19
\BOOKMARK [2][-]{subsection.11.3}{\376\377\0001\0001\000.\0003\000\040\000c\000o\000l\000v\000e\000c\000\040\000C\000l\000a\000s\000s\000\040\000R\000e\000f\000e\000r\000e\000n\000c\000e}{section.11}% 20
\BOOKMARK [3][-]{subsubsection.11.3.1}{\376\377\0001\0001\000.\0003\000.\0001\000\040\000D\000e\000t\000a\000i\000l\000e\000d\000\040\000D\000e\000s\000c\000r\000i\000p\000t\000i\000o\000n}{subsection.11.3}% 21
\BOOKMARK [2][-]{subsection.11.4}{\376\377\0001\0001\000.\0004\000\040\000d\000o\000u\000b\000l\000e\000\040\000C\000l\000a\000s\000s\000\040\000R\000e\000f\000e\000r\000e\000n\000c\000e}{section.11}% 22
\BOOKMARK [3][-]{subsubsection.11.4.1}{\376\377\0001\0001\000.\0004\000.\0001\000\040\000D\000e\000t\000a\000i\000l\000e\000d\000\040\000D\000e\000s\000c\000r\000i\000p\000t\000i\000o\000n}{subsection.11.4}% 23
\BOOKMARK [2][-]{subsection.11.5}{\376\377\0001\0001\000.\0005\000\040\000f\000u\000n\000c\000t\000i\000o\000n\000\137\000h\000a\000n\000d\000l\000e\000\040\000C\000l\000a\000s\000s\000\040\000R\000e\000f\000e\000r\000e\000n\000c\000e}{section.11}% 24
\BOOKMARK [3][-]{subsubsection.11.5.1}{\376\377\0001\0001\000.\0005\000.\0001\000\040\000D\000e\000t\000a\000i\000l\000e\000d\000\040\000D\000e\000s\000c\000r\000i\000p\000t\000i\000o\000n}{subsection.11.5}% 25
\BOOKMARK [2][-]{subsection.11.6}{\376\377\0001\0001\000.\0006\000\040\000h\000a\000n\000d\000l\000e\000\040\000C\000l\000a\000s\000s\000\040\000R\000e\000f\000e\000r\000e\000n\000c\000e}{section.11}% 26
\BOOKMARK [3][-]{subsubsection.11.6.1}{\376\377\0001\0001\000.\0006\000.\0001\000\040\000D\000e\000t\000a\000i\000l\000e\000d\000\040\000D\000e\000s\000c\000r\000i\000p\000t\000i\000o\000n}{subsection.11.6}% 27
\BOOKMARK [3][-]{subsubsection.11.6.2}{\376\377\0001\0001\000.\0006\000.\0002\000\040\000M\000e\000m\000b\000e\000r\000\040\000D\000a\000t\000a\000\040\000D\000o\000c\000u\000m\000e\000n\000t\000a\000t\000i\000o\000n}{subsection.11.6}% 28
\BOOKMARK [2][-]{subsection.11.7}{\376\377\0001\0001\000.\0007\000\040\000i\000n\000t\000e\000g\000e\000r\000\040\000C\000l\000a\000s\000s\000\040\000R\000e\000f\000e\000r\000e\000n\000c\000e}{section.11}% 29
\BOOKMARK [3][-]{subsubsection.11.7.1}{\376\377\0001\0001\000.\0007\000.\0001\000\040\000D\000e\000t\000a\000i\000l\000e\000d\000\040\000D\000e\000s\000c\000r\000i\000p\000t\000i\000o\000n}{subsection.11.7}% 30
\BOOKMARK [2][-]{subsection.11.8}{\376\377\0001\0001\000.\0008\000\040\000l\000o\000g\000i\000c\000a\000l\000\040\000C\000l\000a\000s\000s\000\040\000R\000e\000f\000e\000r\000e\000n\000c\000e}{section.11}% 31
\BOOKMARK [3][-]{subsubsection.11.8.1}{\376\377\0001\0001\000.\0008\000.\0001\000\040\000D\000e\000t\000a\000i\000l\000e\000d\000\040\000D\000e\000s\000c\000r\000i\000p\000t\000i\000o\000n}{subsection.11.8}% 32
\BOOKMARK [2][-]{subsection.11.9}{\376\377\0001\0001\000.\0009\000\040\000M\000a\000t\000l\000a\000b\000D\000o\000c\000M\000a\000k\000e\000r\000\040\000C\000l\000a\000s\000s\000\040\000R\000e\000f\000e\000r\000e\000n\000c\000e}{section.11}% 33
\BOOKMARK [3][-]{subsubsection.11.9.1}{\376\377\0001\0001\000.\0009\000.\0001\000\040\000D\000e\000t\000a\000i\000l\000e\000d\000\040\000D\000e\000s\000c\000r\000i\000p\000t\000i\000o\000n}{subsection.11.9}% 34
\BOOKMARK [3][-]{subsubsection.11.9.2}{\376\377\0001\0001\000.\0009\000.\0002\000\040\000M\000e\000m\000b\000e\000r\000\040\000F\000u\000n\000c\000t\000i\000o\000n\000\040\000D\000o\000c\000u\000m\000e\000n\000t\000a\000t\000i\000o\000n}{subsection.11.9}% 35
\BOOKMARK [3][-]{subsubsection.11.9.3}{\376\377\0001\0001\000.\0009\000.\0003\000\040\000M\000e\000m\000b\000e\000r\000\040\000D\000a\000t\000a\000\040\000D\000o\000c\000u\000m\000e\000n\000t\000a\000t\000i\000o\000n}{subsection.11.9}% 36
\BOOKMARK [2][-]{subsection.11.10}{\376\377\0001\0001\000.\0001\0000\000\040\000m\000a\000t\000r\000i\000x\000\040\000C\000l\000a\000s\000s\000\040\000R\000e\000f\000e\000r\000e\000n\000c\000e}{section.11}% 37
\BOOKMARK [3][-]{subsubsection.11.10.1}{\376\377\0001\0001\000.\0001\0000\000.\0001\000\040\000D\000e\000t\000a\000i\000l\000e\000d\000\040\000D\000e\000s\000c\000r\000i\000p\000t\000i\000o\000n}{subsection.11.10}% 38
\BOOKMARK [2][-]{subsection.11.11}{\376\377\0001\0001\000.\0001\0001\000\040\000r\000o\000w\000v\000e\000c\000\040\000C\000l\000a\000s\000s\000\040\000R\000e\000f\000e\000r\000e\000n\000c\000e}{section.11}% 39
\BOOKMARK [3][-]{subsubsection.11.11.1}{\376\377\0001\0001\000.\0001\0001\000.\0001\000\040\000D\000e\000t\000a\000i\000l\000e\000d\000\040\000D\000e\000s\000c\000r\000i\000p\000t\000i\000o\000n}{subsection.11.11}% 40
\BOOKMARK [2][-]{subsection.11.12}{\376\377\0001\0001\000.\0001\0002\000\040\000s\000p\000a\000r\000s\000e\000m\000a\000t\000r\000i\000x\000\040\000C\000l\000a\000s\000s\000\040\000R\000e\000f\000e\000r\000e\000n\000c\000e}{section.11}% 41
\BOOKMARK [3][-]{subsubsection.11.12.1}{\376\377\0001\0001\000.\0001\0002\000.\0001\000\040\000D\000e\000t\000a\000i\000l\000e\000d\000\040\000D\000e\000s\000c\000r\000i\000p\000t\000i\000o\000n}{subsection.11.12}% 42
\BOOKMARK [2][-]{subsection.11.13}{\376\377\0001\0001\000.\0001\0003\000\040\000s\000t\000r\000u\000c\000t\000\040\000C\000l\000a\000s\000s\000\040\000R\000e\000f\000e\000r\000e\000n\000c\000e}{section.11}% 43
\BOOKMARK [3][-]{subsubsection.11.13.1}{\376\377\0001\0001\000.\0001\0003\000.\0001\000\040\000D\000e\000t\000a\000i\000l\000e\000d\000\040\000D\000e\000s\000c\000r\000i\000p\000t\000i\000o\000n}{subsection.11.13}% 44
\BOOKMARK [2][-]{subsection.11.14}{\376\377\0001\0001\000.\0001\0004\000\040\000v\000a\000r\000a\000r\000g\000i\000n\000\040\000C\000l\000a\000s\000s\000\040\000R\000e\000f\000e\000r\000e\000n\000c\000e}{section.11}% 45
\BOOKMARK [3][-]{subsubsection.11.14.1}{\376\377\0001\0001\000.\0001\0004\000.\0001\000\040\000D\000e\000t\000a\000i\000l\000e\000d\000\040\000D\000e\000s\000c\000r\000i\000p\000t\000i\000o\000n}{subsection.11.14}% 46
\BOOKMARK [2][-]{subsection.11.15}{\376\377\0001\0001\000.\0001\0005\000\040\000v\000a\000r\000a\000r\000g\000o\000u\000t\000\040\000C\000l\000a\000s\000s\000\040\000R\000e\000f\000e\000r\000e\000n\000c\000e}{section.11}% 47
\BOOKMARK [3][-]{subsubsection.11.15.1}{\376\377\0001\0001\000.\0001\0005\000.\0001\000\040\000D\000e\000t\000a\000i\000l\000e\000d\000\040\000D\000e\000s\000c\000r\000i\000p\000t\000i\000o\000n}{subsection.11.15}% 48
\BOOKMARK [1][-]{section.12}{\376\377\0001\0002\000\040\000F\000i\000l\000e\000\040\000D\000o\000c\000u\000m\000e\000n\000t\000a\000t\000i\000o\000n}{}% 49
\BOOKMARK [2][-]{subsection.12.1}{\376\377\0001\0002\000.\0001\000\040\000/\000h\000o\000m\000e\000/\000a\000y\000o\000n\000g\000a\000/\000D\000r\000o\000p\000b\000o\000x\000/\000r\000e\000s\000e\000a\000r\000c\000h\000/\000d\000z\000o\000p\000t\000/\000d\000i\000r\000e\000c\000t\000\137\000h\000z\000d\000\137\000o\000p\000t\000i\000m\000i\000z\000a\000t\000i\000o\000n\000/\000d\000o\000c\000s\000/\000c\000o\000n\000f\000i\000g\000/\000c\000l\000a\000s\000s\000\137\000s\000u\000b\000s\000t\000i\000t\000u\000t\000e\000s\000.\000c\000\040\000F\000i\000l\000e\000\040\000R\000e\000f\000e\000r\000e\000n\000c\000e}{section.12}% 50
\BOOKMARK [2][-]{subsection.12.2}{\376\377\0001\0002\000.\0002\000\040\000/\000h\000o\000m\000e\000/\000a\000y\000o\000n\000g\000a\000/\000D\000r\000o\000p\000b\000o\000x\000/\000r\000e\000s\000e\000a\000r\000c\000h\000/\000d\000z\000o\000p\000t\000/\000d\000i\000r\000e\000c\000t\000\137\000h\000z\000d\000\137\000o\000p\000t\000i\000m\000i\000z\000a\000t\000i\000o\000n\000/\000d\000o\000c\000s\000/\000c\000o\000n\000f\000i\000g\000/\000d\000e\000v\000e\000l\000o\000p\000e\000r\000s\000.\000c\000\040\000F\000i\000l\000e\000\040\000R\000e\000f\000e\000r\000e\000n\000c\000e}{section.12}% 51
\BOOKMARK [2][-]{subsection.12.3}{\376\377\0001\0002\000.\0003\000\040\000M\000a\000t\000l\000a\000b\000D\000o\000c\000M\000a\000k\000e\000r\000.\000m\000\040\000F\000i\000l\000e\000\040\000R\000e\000f\000e\000r\000e\000n\000c\000e}{section.12}% 52
\BOOKMARK [1][-]{section*.25}{\376\377\000I\000n\000d\000e\000x}{}% 53
